9:00:04 AM → cantonese: upcoming
🔒 Locked cantonese → OaJ9ol35zbc
9:00:05 AM → english: upcoming
🔒 Locked english → A0u_GR9fTwk
9:00:05 AM → mandarin: upcoming
🔒 Locked mandarin → kgsqgbh18Vo
9:00:06 AM → joint: none
Quota used so far: 503
----
9:01:04 AM → cantonese: upcoming
9:01:04 AM → english: upcoming
9:01:04 AM → mandarin: upcoming
9:01:05 AM → joint: none
Quota used so far: 706
----
9:02:05 AM → cantonese: upcoming
9:02:05 AM → english: upcoming
9:02:05 AM → mandarin: upcoming
9:02:05 AM → joint: none
Quota used so far: 909
----
9:03:04 AM → cantonese: upcoming
9:03:04 AM → english: upcoming
9:03:04 AM → mandarin: upcoming
9:03:05 AM → joint: none
Quota used so far: 1112
----
9:04:04 AM → cantonese: upcoming
9:04:04 AM → english: upcoming
9:04:04 AM → mandarin: upcoming
9:04:05 AM → joint: none
Quota used so far: 1315
----
9:05:04 AM → cantonese: upcoming
9:05:04 AM → english: upcoming
9:05:04 AM → mandarin: upcoming
9:05:05 AM → joint: none
Quota used so far: 1518
----
9:06:04 AM → cantonese: upcoming
9:06:04 AM → english: upcoming
9:06:04 AM → mandarin: upcoming
9:06:05 AM → joint: none
Quota used so far: 1721
----
9:07:05 AM → cantonese: upcoming
9:07:05 AM → english: upcoming
9:07:05 AM → mandarin: upcoming
9:07:05 AM → joint: none
Quota used so far: 1924
----
9:08:04 AM → cantonese: upcoming
9:08:04 AM → english: upcoming
9:08:04 AM → mandarin: upcoming
9:08:05 AM → joint: none
Quota used so far: 2127
----
9:09:04 AM → cantonese: upcoming
9:09:04 AM → english: upcoming
9:09:05 AM → mandarin: upcoming
9:09:05 AM → joint: none
Quota used so far: 2330
----
9:10:04 AM → cantonese: upcoming
9:10:04 AM → english: upcoming
9:10:04 AM → mandarin: upcoming
9:10:05 AM → joint: none
Quota used so far: 2533
----
9:11:04 AM → cantonese: upcoming
9:11:04 AM → english: live | 👀 7
9:11:04 AM → mandarin: upcoming
9:11:05 AM → joint: none
Quota used so far: 2736
----
9:12:04 AM → cantonese: upcoming
9:12:04 AM → english: live | 👀 7
9:12:04 AM → mandarin: live | 👀 4
9:12:05 AM → joint: none
🛑 English & Mandarin have both been live. Joint disabled.
Quota used so far: 2939
----
9:13:04 AM → cantonese: upcoming
9:13:04 AM → english: live | 👀 7
9:13:04 AM → mandarin: live | 👀 0
Quota used so far: 2942
----
9:14:04 AM → cantonese: upcoming
9:14:04 AM → english: live | 👀 7
9:14:04 AM → mandarin: live | 👀 1
Quota used so far: 2945
----
9:15:04 AM → cantonese: upcoming
9:15:04 AM → english: live | 👀 11
9:15:04 AM → mandarin: live | 👀 1
Quota used so far: 2948
----
9:16:04 AM → cantonese: upcoming
9:16:04 AM → english: live | 👀 12
9:16:04 AM → mandarin: live | 👀 1
Quota used so far: 2951
----
9:17:04 AM → cantonese: upcoming
9:17:04 AM → english: live | 👀 12
9:17:04 AM → mandarin: live | 👀 1
Quota used so far: 2954
----
9:18:04 AM → cantonese: upcoming
9:18:04 AM → english: live | 👀 13
9:18:04 AM → mandarin: live | 👀 2
Quota used so far: 2957
----
9:19:04 AM → cantonese: upcoming
9:19:04 AM → english: live | 👀 14
9:19:04 AM → mandarin: live | 👀 3
Quota used so far: 2960
----
9:20:04 AM → cantonese: upcoming
9:20:04 AM → english: live | 👀 16
9:20:04 AM → mandarin: live | 👀 3
Quota used so far: 2963
----
9:21:04 AM → cantonese: upcoming
9:21:04 AM → english: live | 👀 20
9:21:04 AM → mandarin: live | 👀 3
Quota used so far: 2966
----
9:22:04 AM → cantonese: upcoming
9:22:04 AM → english: live | 👀 18
9:22:04 AM → mandarin: live | 👀 2
Quota used so far: 2969
----
9:23:04 AM → cantonese: upcoming
9:23:04 AM → english: live | 👀 19
9:23:04 AM → mandarin: live | 👀 3
Quota used so far: 2972
----
9:24:04 AM → cantonese: upcoming
9:24:04 AM → english: live | 👀 19
9:24:05 AM → mandarin: live | 👀 3
Quota used so far: 2975
----
9:25:04 AM → cantonese: upcoming
9:25:04 AM → english: live | 👀 20
9:25:04 AM → mandarin: live | 👀 3
Quota used so far: 2978
----
9:26:04 AM → cantonese: upcoming
9:26:04 AM → english: live | 👀 18
9:26:05 AM → mandarin: live | 👀 3
Quota used so far: 2981
----
9:27:04 AM → cantonese: upcoming
9:27:04 AM → english: live | 👀 17
9:27:04 AM → mandarin: live | 👀 3
Quota used so far: 2984
----
9:28:04 AM → cantonese: upcoming
9:28:04 AM → english: live | 👀 15
9:28:04 AM → mandarin: live | 👀 3
Quota used so far: 2987
----
9:29:04 AM → cantonese: upcoming
9:29:04 AM → english: live | 👀 16
9:29:05 AM → mandarin: live | 👀 4
Quota used so far: 2990
----
9:30:04 AM → cantonese: upcoming
9:30:04 AM → english: live | 👀 16
9:30:04 AM → mandarin: live | 👀 4
Quota used so far: 2993
----
9:31:04 AM → cantonese: upcoming
9:31:04 AM → english: live | 👀 16
9:31:04 AM → mandarin: live | 👀 4
Quota used so far: 2996
----
9:32:04 AM → cantonese: upcoming
9:32:04 AM → english: live | 👀 18
9:32:04 AM → mandarin: live | 👀 4
Quota used so far: 2999
----
9:33:04 AM → cantonese: upcoming
9:33:04 AM → english: live | 👀 18
9:33:04 AM → mandarin: live | 👀 5
Quota used so far: 3002
----
9:34:04 AM → cantonese: upcoming
9:34:04 AM → english: live | 👀 19
9:34:04 AM → mandarin: live | 👀 5
Quota used so far: 3005
----
9:35:04 AM → cantonese: upcoming
9:35:04 AM → english: live | 👀 18
9:35:04 AM → mandarin: live | 👀 5
Quota used so far: 3008
----
9:36:04 AM → cantonese: upcoming
9:36:04 AM → english: live | 👀 18
9:36:05 AM → mandarin: live | 👀 5
Quota used so far: 3011
----
9:37:04 AM → cantonese: upcoming
9:37:04 AM → english: live | 👀 19
9:37:04 AM → mandarin: live | 👀 5
Quota used so far: 3014
----
9:38:04 AM → cantonese: upcoming
9:38:04 AM → english: live | 👀 19
9:38:04 AM → mandarin: live | 👀 6
Quota used so far: 3017
----
9:39:04 AM → cantonese: upcoming
9:39:04 AM → english: live | 👀 20
9:39:04 AM → mandarin: live | 👀 6
Quota used so far: 3020
----
9:40:04 AM → cantonese: upcoming
9:40:04 AM → english: live | 👀 18
9:40:04 AM → mandarin: live | 👀 6
Quota used so far: 3023
----
9:41:04 AM → cantonese: upcoming
9:41:04 AM → english: live | 👀 18
9:41:04 AM → mandarin: live | 👀 4
Quota used so far: 3026
----
9:42:04 AM → cantonese: upcoming
9:42:04 AM → english: live | 👀 18
9:42:05 AM → mandarin: live | 👀 5
Quota used so far: 3029
----
9:43:04 AM → cantonese: upcoming
9:43:04 AM → english: live | 👀 18
9:43:05 AM → mandarin: live | 👀 5
Quota used so far: 3032
----
9:44:04 AM → cantonese: upcoming
9:44:04 AM → english: live | 👀 19
9:44:05 AM → mandarin: live | 👀 5
Quota used so far: 3035
----
9:45:04 AM → cantonese: upcoming
9:45:04 AM → english: live | 👀 19
9:45:04 AM → mandarin: live | 👀 5
Quota used so far: 3038
----
9:46:04 AM → cantonese: upcoming
9:46:04 AM → english: live | 👀 20
9:46:05 AM → mandarin: live | 👀 5
Quota used so far: 3041
----
9:47:04 AM → cantonese: upcoming
9:47:04 AM → english: live | 👀 19
9:47:04 AM → mandarin: live | 👀 5
Quota used so far: 3044
----
9:48:04 AM → cantonese: upcoming
9:48:04 AM → english: live | 👀 19
9:48:05 AM → mandarin: live | 👀 5
Quota used so far: 3047
----
9:49:04 AM → cantonese: upcoming
9:49:04 AM → english: live | 👀 19
9:49:04 AM → mandarin: live | 👀 5
Quota used so far: 3050
----
9:50:04 AM → cantonese: upcoming
9:50:04 AM → english: live | 👀 19
9:50:05 AM → mandarin: live | 👀 7
Quota used so far: 3053
----
9:51:04 AM → cantonese: upcoming
9:51:04 AM → english: live | 👀 19
9:51:04 AM → mandarin: live | 👀 5
Quota used so far: 3056
----
9:52:04 AM → cantonese: upcoming
9:52:04 AM → english: live | 👀 19
9:52:05 AM → mandarin: live | 👀 5
Quota used so far: 3059
----
9:53:04 AM → cantonese: upcoming
9:53:04 AM → english: live | 👀 20
9:53:05 AM → mandarin: live | 👀 4
Quota used so far: 3062
----
9:54:04 AM → cantonese: upcoming
9:54:04 AM → english: live | 👀 19
9:54:04 AM → mandarin: live | 👀 4
Quota used so far: 3065
----
9:55:04 AM → cantonese: upcoming
9:55:04 AM → english: live | 👀 19
9:55:05 AM → mandarin: live | 👀 4
Quota used so far: 3068
----
9:56:04 AM → cantonese: upcoming
9:56:04 AM → english: live | 👀 20
9:56:04 AM → mandarin: live | 👀 4
Quota used so far: 3071
----
9:57:04 AM → cantonese: upcoming
9:57:04 AM → english: live | 👀 21
9:57:04 AM → mandarin: live | 👀 4
Quota used so far: 3074
----
9:58:04 AM → cantonese: upcoming
9:58:04 AM → english: live | 👀 21
9:58:05 AM → mandarin: live | 👀 4
Quota used so far: 3077
----
9:59:04 AM → cantonese: upcoming
9:59:04 AM → english: live | 👀 20
9:59:05 AM → mandarin: live | 👀 4
Quota used so far: 3080
----
10:00:04 AM → cantonese: upcoming
10:00:04 AM → english: live | 👀 20
10:00:05 AM → mandarin: live | 👀 4
Quota used so far: 3083
----
10:01:04 AM → cantonese: upcoming
10:01:04 AM → english: live | 👀 22
10:01:05 AM → mandarin: live | 👀 5
Quota used so far: 3086
----
10:02:04 AM → cantonese: upcoming
10:02:04 AM → english: live | 👀 22
10:02:05 AM → mandarin: live | 👀 5
Quota used so far: 3089
----
10:03:04 AM → cantonese: upcoming
10:03:04 AM → english: live | 👀 20
10:03:05 AM → mandarin: live | 👀 5
Quota used so far: 3092
----
10:04:04 AM → cantonese: upcoming
10:04:04 AM → english: live | 👀 20
10:04:04 AM → mandarin: live | 👀 5
Quota used so far: 3095
----
10:05:04 AM → cantonese: upcoming
10:05:04 AM → english: live | 👀 21
10:05:05 AM → mandarin: live | 👀 6
Quota used so far: 3098
----
10:06:04 AM → cantonese: upcoming
10:06:04 AM → english: live | 👀 20
10:06:05 AM → mandarin: live | 👀 6
Quota used so far: 3101
----
10:07:04 AM → cantonese: upcoming
10:07:04 AM → english: live | 👀 20
10:07:04 AM → mandarin: live | 👀 6
Quota used so far: 3104
----
10:08:04 AM → cantonese: upcoming
10:08:04 AM → english: live | 👀 20
10:08:05 AM → mandarin: live | 👀 5
Quota used so far: 3107
----
10:09:04 AM → cantonese: upcoming
10:09:04 AM → english: live | 👀 19
10:09:05 AM → mandarin: live | 👀 5
Quota used so far: 3110
----
10:10:04 AM → cantonese: upcoming
10:10:04 AM → english: live | 👀 18
10:10:05 AM → mandarin: live | 👀 7
Quota used so far: 3113
----
10:11:04 AM → cantonese: upcoming
10:11:04 AM → english: live | 👀 20
10:11:05 AM → mandarin: live | 👀 6
Quota used so far: 3116
----
10:12:04 AM → cantonese: upcoming
10:12:04 AM → english: live | 👀 19
10:12:05 AM → mandarin: live | 👀 6
Quota used so far: 3119
----
10:13:04 AM → cantonese: upcoming
10:13:04 AM → english: live | 👀 19
10:13:05 AM → mandarin: live | 👀 6
Quota used so far: 3122
----
10:14:04 AM → cantonese: upcoming
10:14:04 AM → english: live | 👀 20
10:14:05 AM → mandarin: live | 👀 6
Quota used so far: 3125
----
10:15:04 AM → cantonese: upcoming
10:15:04 AM → english: live | 👀 21
10:15:05 AM → mandarin: live | 👀 7
Quota used so far: 3128
----
10:16:04 AM → cantonese: upcoming
10:16:04 AM → english: live | 👀 20
10:16:05 AM → mandarin: live | 👀 8
Quota used so far: 3131
----
10:17:04 AM → cantonese: upcoming
10:17:04 AM → english: live | 👀 20
10:17:05 AM → mandarin: live | 👀 7
Quota used so far: 3134
----
10:18:04 AM → cantonese: upcoming
10:18:04 AM → english: live | 👀 21
10:18:05 AM → mandarin: live | 👀 7
Quota used so far: 3137
----
10:19:04 AM → cantonese: upcoming
10:19:04 AM → english: live | 👀 22
10:19:04 AM → mandarin: live | 👀 6
Quota used so far: 3140
----
10:20:04 AM → cantonese: upcoming
10:20:04 AM → english: live | 👀 21
10:20:05 AM → mandarin: live | 👀 6
Quota used so far: 3143
----
10:21:04 AM → cantonese: upcoming
10:21:05 AM → english: live | 👀 21
10:21:05 AM → mandarin: live | 👀 6
Quota used so far: 3146
----
10:22:04 AM → cantonese: upcoming
10:22:04 AM → english: live | 👀 20
10:22:05 AM → mandarin: live | 👀 4
Quota used so far: 3149
----
10:23:04 AM → cantonese: upcoming
10:23:04 AM → english: live | 👀 20
10:23:05 AM → mandarin: live | 👀 4
Quota used so far: 3152
----
10:24:04 AM → cantonese: upcoming
10:24:04 AM → english: live | 👀 21
10:24:05 AM → mandarin: live | 👀 4
Quota used so far: 3155
----
10:25:04 AM → cantonese: upcoming
🛑 english stream just ended.
10:25:04 AM → english: none
10:25:05 AM → mandarin: live | 👀 7
Quota used so far: 3158
----
10:26:04 AM → cantonese: upcoming
10:26:04 AM → mandarin: live | 👀 6
Quota used so far: 3160
----
10:27:04 AM → cantonese: upcoming
10:27:04 AM → mandarin: live | 👀 6
Quota used so far: 3162
----
10:28:04 AM → cantonese: upcoming
10:28:04 AM → mandarin: live | 👀 6
Quota used so far: 3164
----
10:29:04 AM → cantonese: upcoming
10:29:04 AM → mandarin: live | 👀 6
Quota used so far: 3166
----
10:30:04 AM → cantonese: upcoming
10:30:04 AM → mandarin: live | 👀 5
Quota used so far: 3168
----
10:31:04 AM → cantonese: upcoming
10:31:04 AM → mandarin: live | 👀 5
Quota used so far: 3170
----
10:32:04 AM → cantonese: upcoming
10:32:04 AM → mandarin: live | 👀 5
Quota used so far: 3172
----
10:33:04 AM → cantonese: upcoming
10:33:04 AM → mandarin: live | 👀 5
Quota used so far: 3174
----
10:34:04 AM → cantonese: upcoming
10:34:04 AM → mandarin: live | 👀 5
Quota used so far: 3176
----
10:35:04 AM → cantonese: upcoming
10:35:04 AM → mandarin: live | 👀 5
Quota used so far: 3178
----
10:36:04 AM → cantonese: upcoming
10:36:04 AM → mandarin: live | 👀 5
Quota used so far: 3180
----
10:37:04 AM → cantonese: upcoming
10:37:04 AM → mandarin: live | 👀 5
Quota used so far: 3182
----
10:38:04 AM → cantonese: upcoming
10:38:04 AM → mandarin: live | 👀 5
Quota used so far: 3184
----
10:39:04 AM → cantonese: upcoming
10:39:04 AM → mandarin: live | 👀 5
Quota used so far: 3186
----
10:40:04 AM → cantonese: upcoming
10:40:04 AM → mandarin: live | 👀 5
Quota used so far: 3188
----
10:41:04 AM → cantonese: upcoming
🛑 mandarin stream just ended.
10:41:05 AM → mandarin: none
Quota used so far: 3190
----
10:42:04 AM → cantonese: upcoming
Quota used so far: 3191
----
10:43:04 AM → cantonese: upcoming
Quota used so far: 3192
----
10:44:04 AM → cantonese: upcoming
Quota used so far: 3193
----
10:45:04 AM → cantonese: upcoming
Quota used so far: 3194
----
10:46:04 AM → cantonese: upcoming
Quota used so far: 3195
----
10:47:04 AM → cantonese: upcoming
Quota used so far: 3196
----
10:48:04 AM → cantonese: upcoming
Quota used so far: 3197
----
10:49:04 AM → cantonese: upcoming
Quota used so far: 3198
----
10:50:04 AM → cantonese: upcoming
Quota used so far: 3199
----
10:51:04 AM → cantonese: upcoming
Quota used so far: 3200
----
10:52:04 AM → cantonese: upcoming
Quota used so far: 3201
----
10:53:04 AM → cantonese: upcoming
Quota used so far: 3202
----
10:54:04 AM → cantonese: upcoming
Quota used so far: 3203
----
10:55:04 AM → cantonese: upcoming
Quota used so far: 3204
----
10:56:04 AM → cantonese: upcoming
Quota used so far: 3205
----
10:57:04 AM → cantonese: upcoming
Quota used so far: 3206
----
10:58:04 AM → cantonese: live | 👀 6
Quota used so far: 3207
----
10:59:04 AM → cantonese: live | 👀 6
Quota used so far: 3208
----
11:00:04 AM → cantonese: live | 👀 6
Quota used so far: 3209
----
11:01:04 AM → cantonese: live | 👀 7
Quota used so far: 3210
----
11:02:04 AM → cantonese: live | 👀 7
Quota used so far: 3211
----
11:03:04 AM → cantonese: live | 👀 7
Quota used so far: 3212
----
11:04:04 AM → cantonese: live | 👀 9
Quota used so far: 3213
----
11:05:04 AM → cantonese: live | 👀 9
Quota used so far: 3214
----
11:06:04 AM → cantonese: live | 👀 12
Quota used so far: 3215
----
11:07:04 AM → cantonese: live | 👀 13
Quota used so far: 3216
----
11:08:04 AM → cantonese: live | 👀 13
Quota used so far: 3217
----
11:09:04 AM → cantonese: live | 👀 12
Quota used so far: 3218
----
11:10:04 AM → cantonese: live | 👀 15
Quota used so far: 3219
----
11:11:04 AM → cantonese: live | 👀 14
Quota used so far: 3220
----
11:12:05 AM → cantonese: live | 👀 14
Quota used so far: 3221
----
11:13:04 AM → cantonese: live | 👀 15
Quota used so far: 3222
----
11:14:04 AM → cantonese: live | 👀 15
Quota used so far: 3223
----
11:15:04 AM → cantonese: live | 👀 16
Quota used so far: 3224
----
11:16:04 AM → cantonese: live | 👀 15
Quota used so far: 3225
----
11:17:04 AM → cantonese: live | 👀 15
Quota used so far: 3226
----
11:18:04 AM → cantonese: live | 👀 16
Quota used so far: 3227
----
11:19:04 AM → cantonese: live | 👀 16
Quota used so far: 3228
----
11:20:04 AM → cantonese: live | 👀 16
Quota used so far: 3229
----
11:21:04 AM → cantonese: live | 👀 17
Quota used so far: 3230
----
11:22:04 AM → cantonese: live | 👀 17
Quota used so far: 3231
----
11:23:04 AM → cantonese: live | 👀 17
Quota used so far: 3232
----
11:24:04 AM → cantonese: live | 👀 17
Quota used so far: 3233
----
11:25:04 AM → cantonese: live | 👀 17
Quota used so far: 3234
----
11:26:04 AM → cantonese: live | 👀 17
Quota used so far: 3235
----
11:27:04 AM → cantonese: live | 👀 17
Quota used so far: 3236
----
11:28:04 AM → cantonese: live | 👀 17
Quota used so far: 3237
----
11:29:04 AM → cantonese: live | 👀 18
Quota used so far: 3238
----
11:30:04 AM → cantonese: live | 👀 18
Quota used so far: 3239
----
11:31:04 AM → cantonese: live | 👀 18
Quota used so far: 3240
----
11:32:04 AM → cantonese: live | 👀 19
Quota used so far: 3241
----
11:33:05 AM → cantonese: live | 👀 19
Quota used so far: 3242
----
11:34:04 AM → cantonese: live | 👀 19
Quota used so far: 3243
----
11:35:04 AM → cantonese: live | 👀 19
Quota used so far: 3244
----
11:36:05 AM → cantonese: live | 👀 19
Quota used so far: 3245
----
11:37:04 AM → cantonese: live | 👀 18
Quota used so far: 3246
----
11:38:05 AM → cantonese: live | 👀 19
Quota used so far: 3247
----
11:39:05 AM → cantonese: live | 👀 19
Quota used so far: 3248
----
11:40:05 AM → cantonese: live | 👀 19
Quota used so far: 3249
----
11:41:05 AM → cantonese: live | 👀 18
Quota used so far: 3250
----
11:42:04 AM → cantonese: live | 👀 20
Quota used so far: 3251
----
11:43:05 AM → cantonese: live | 👀 19
Quota used so far: 3252
----
11:44:04 AM → cantonese: live | 👀 19
Quota used so far: 3253
----
11:45:04 AM → cantonese: live | 👀 19
Quota used so far: 3254
----
11:46:05 AM → cantonese: live | 👀 19
Quota used so far: 3255
----
11:47:04 AM → cantonese: live | 👀 19
Quota used so far: 3256
----
11:48:05 AM → cantonese: live | 👀 18
Quota used so far: 3257
----
11:49:05 AM → cantonese: live | 👀 18
Quota used so far: 3258
----
11:50:05 AM → cantonese: live | 👀 18
Quota used so far: 3259
----
11:51:04 AM → cantonese: live | 👀 18
Quota used so far: 3260
----
11:52:05 AM → cantonese: live | 👀 18
Quota used so far: 3261
----
11:53:04 AM → cantonese: live | 👀 18
Quota used so far: 3262
----
11:54:04 AM → cantonese: live | 👀 18
Quota used so far: 3263
----
11:55:05 AM → cantonese: live | 👀 18
Quota used so far: 3264
----
11:56:04 AM → cantonese: live | 👀 19
Quota used so far: 3265
----
11:57:05 AM → cantonese: live | 👀 19
Quota used so far: 3266
----
11:58:05 AM → cantonese: live | 👀 19
Quota used so far: 3267
----
11:59:05 AM → cantonese: live | 👀 18
Quota used so far: 3268
----
12:00:05 PM → cantonese: live | 👀 18
Quota used so far: 3269
----
12:01:04 PM → cantonese: live | 👀 19
Quota used so far: 3270
----
12:02:05 PM → cantonese: live | 👀 16
Quota used so far: 3271
----
12:03:04 PM → cantonese: live | 👀 18
Quota used so far: 3272
----
12:04:05 PM → cantonese: live | 👀 18
Quota used so far: 3273
----
12:05:05 PM → cantonese: live | 👀 18
Quota used so far: 3274
----
12:06:05 PM → cantonese: live | 👀 17
Quota used so far: 3275
----
12:07:05 PM → cantonese: live | 👀 17
Quota used so far: 3276
----
12:08:05 PM → cantonese: live | 👀 18
Quota used so far: 3277
----
12:09:05 PM → cantonese: live | 👀 18
Quota used so far: 3278
----
12:10:05 PM → cantonese: live | 👀 17
Quota used so far: 3279
----
12:11:05 PM → cantonese: live | 👀 16
Quota used so far: 3280
----
12:12:05 PM → cantonese: live | 👀 14
Quota used so far: 3281
----
12:13:05 PM → cantonese: live | 👀 10
Quota used so far: 3282
----
🛑 cantonese stream just ended.
12:14:05 PM → cantonese: none
Quota used so far: 3283
----
✅ All streams finished. Exiting bridge.
9:00:05 AM → cantonese: upcoming
🔒 Locked cantonese → DiMikspQMgI
9:00:06 AM → english: upcoming
🔒 Locked english → 55HPUmwjSFk
9:00:06 AM → mandarin: upcoming
🔒 Locked mandarin → 2bxiTFWdxOg
9:00:07 AM → joint: none
Quota used so far: 503
----
9:02:05 AM → cantonese: upcoming
9:02:05 AM → english: upcoming
9:02:05 AM → mandarin: upcoming
9:02:06 AM → joint: none
Quota used so far: 706
----
9:04:05 AM → cantonese: upcoming
9:04:05 AM → english: upcoming
9:04:05 AM → mandarin: upcoming
9:04:06 AM → joint: none
Quota used so far: 909
----
9:06:05 AM → cantonese: upcoming
9:06:05 AM → english: upcoming
9:06:05 AM → mandarin: live | 👀 0
9:06:06 AM → joint: none
Quota used so far: 1112
----
9:08:05 AM → cantonese: upcoming
9:08:05 AM → english: upcoming
9:08:06 AM → mandarin: live | 👀 1
9:08:06 AM → joint: none
Quota used so far: 1315
----
9:10:05 AM → cantonese: upcoming
9:10:05 AM → english: upcoming
9:10:05 AM → mandarin: live | 👀 4
9:10:06 AM → joint: none
Quota used so far: 1518
----
9:12:05 AM → cantonese: upcoming
9:12:05 AM → english: live | 👀 3
9:12:05 AM → mandarin: live | 👀 4
9:12:06 AM → joint: none
🛑 English & Mandarin have both been live. Joint disabled.
Quota used so far: 1721
----
9:14:05 AM → cantonese: upcoming
9:14:05 AM → english: live | 👀 6
9:14:05 AM → mandarin: live | 👀 2
Quota used so far: 1724
----
9:16:05 AM → cantonese: upcoming
9:16:05 AM → english: live | 👀 7
9:16:05 AM → mandarin: live | 👀 5
Quota used so far: 1727
----
9:18:05 AM → cantonese: upcoming
9:18:05 AM → english: live | 👀 11
9:18:05 AM → mandarin: live | 👀 3
Quota used so far: 1730
----
9:20:05 AM → cantonese: upcoming
9:20:05 AM → english: live | 👀 12
9:20:05 AM → mandarin: live | 👀 3
Quota used so far: 1733
----
9:22:05 AM → cantonese: upcoming
9:22:05 AM → english: live | 👀 14
9:22:05 AM → mandarin: live | 👀 3
Quota used so far: 1736
----
9:24:05 AM → cantonese: upcoming
9:24:05 AM → english: live | 👀 15
9:24:05 AM → mandarin: live | 👀 3
Quota used so far: 1739
----
9:26:05 AM → cantonese: upcoming
9:26:05 AM → english: live | 👀 15
9:26:05 AM → mandarin: live | 👀 5
Quota used so far: 1742
----
9:28:05 AM → cantonese: upcoming
9:28:05 AM → english: live | 👀 17
9:28:05 AM → mandarin: live | 👀 4
Quota used so far: 1745
----
9:30:05 AM → cantonese: upcoming
9:30:05 AM → english: live | 👀 15
9:30:06 AM → mandarin: live | 👀 5
Quota used so far: 1748
----
9:32:05 AM → cantonese: upcoming
9:32:05 AM → english: live | 👀 15
9:32:06 AM → mandarin: live | 👀 4
Quota used so far: 1751
----
9:34:05 AM → cantonese: upcoming
9:34:05 AM → english: live | 👀 17
9:34:05 AM → mandarin: live | 👀 5
Quota used so far: 1754
----
9:36:05 AM → cantonese: upcoming
9:36:05 AM → english: live | 👀 14
9:36:06 AM → mandarin: live | 👀 5
Quota used so far: 1757
----
9:38:05 AM → cantonese: upcoming
9:38:05 AM → english: live | 👀 14
9:38:06 AM → mandarin: live | 👀 5
Quota used so far: 1760
----
9:40:05 AM → cantonese: upcoming
9:40:05 AM → english: live | 👀 14
9:40:06 AM → mandarin: live | 👀 5
Quota used so far: 1763
----
9:42:05 AM → cantonese: upcoming
9:42:05 AM → english: live | 👀 14
9:42:05 AM → mandarin: live | 👀 6
Quota used so far: 1766
----
9:44:05 AM → cantonese: upcoming
9:44:05 AM → english: live | 👀 15
9:44:06 AM → mandarin: live | 👀 5
Quota used so far: 1769
----
9:46:05 AM → cantonese: upcoming
9:46:05 AM → english: live | 👀 16
9:46:05 AM → mandarin: live | 👀 3
Quota used so far: 1772
----
9:48:05 AM → cantonese: upcoming
9:48:05 AM → english: live | 👀 16
9:48:06 AM → mandarin: live | 👀 3
Quota used so far: 1775
----
9:50:05 AM → cantonese: upcoming
9:50:05 AM → english: live | 👀 17
9:50:06 AM → mandarin: live | 👀 4
Quota used so far: 1778
----
9:52:05 AM → cantonese: upcoming
9:52:05 AM → english: live | 👀 18
9:52:06 AM → mandarin: live | 👀 6
Quota used so far: 1781
----
9:54:05 AM → cantonese: upcoming
9:54:05 AM → english: live | 👀 18
9:54:06 AM → mandarin: live | 👀 6
Quota used so far: 1784
----
9:56:05 AM → cantonese: upcoming
9:56:05 AM → english: live | 👀 18
9:56:06 AM → mandarin: live | 👀 6
Quota used so far: 1787
----
9:58:05 AM → cantonese: upcoming
9:58:05 AM → english: live | 👀 17
9:58:06 AM → mandarin: live | 👀 5
Quota used so far: 1790
----
10:00:05 AM → cantonese: upcoming
10:00:05 AM → english: live | 👀 17
10:00:05 AM → mandarin: live | 👀 5
Quota used so far: 1793
----
10:02:05 AM → cantonese: upcoming
10:02:05 AM → english: live | 👀 17
10:02:06 AM → mandarin: live | 👀 6
Quota used so far: 1796
----
10:04:05 AM → cantonese: upcoming
10:04:05 AM → english: live | 👀 17
10:04:06 AM → mandarin: live | 👀 6
Quota used so far: 1799
----
10:06:05 AM → cantonese: upcoming
10:06:05 AM → english: live | 👀 17
10:06:06 AM → mandarin: live | 👀 5
Quota used so far: 1802
----
10:08:05 AM → cantonese: upcoming
10:08:05 AM → english: live | 👀 17
10:08:06 AM → mandarin: live | 👀 5
Quota used so far: 1805
----
10:10:05 AM → cantonese: upcoming
10:10:05 AM → english: live | 👀 18
10:10:06 AM → mandarin: live | 👀 5
Quota used so far: 1808
----
10:12:05 AM → cantonese: upcoming
10:12:05 AM → english: live | 👀 17
10:12:05 AM → mandarin: live | 👀 5
Quota used so far: 1811
----
10:14:05 AM → cantonese: upcoming
10:14:05 AM → english: live | 👀 17
10:14:06 AM → mandarin: live | 👀 5
Quota used so far: 1814
----
10:16:05 AM → cantonese: upcoming
10:16:05 AM → english: live | 👀 16
10:16:06 AM → mandarin: live | 👀 6
Quota used so far: 1817
----
10:18:05 AM → cantonese: upcoming
10:18:06 AM → english: live | 👀 18
10:18:06 AM → mandarin: live | 👀 6
Quota used so far: 1820
----
10:20:05 AM → cantonese: upcoming
10:20:05 AM → english: live | 👀 18
10:20:05 AM → mandarin: live | 👀 5
Quota used so far: 1823
----
10:22:05 AM → cantonese: upcoming
10:22:05 AM → english: live | 👀 18
10:22:06 AM → mandarin: live | 👀 5
Quota used so far: 1826
----
10:24:05 AM → cantonese: upcoming
10:24:05 AM → english: live | 👀 16
10:24:06 AM → mandarin: live | 👀 5
Quota used so far: 1829
----
10:26:05 AM → cantonese: upcoming
10:26:05 AM → english: live | 👀 16
10:26:06 AM → mandarin: live | 👀 5
Quota used so far: 1832
----
10:28:05 AM → cantonese: upcoming
🛑 english stream just ended.
10:28:05 AM → english: none
10:28:05 AM → mandarin: live | 👀 4
Quota used so far: 1835
----
10:30:05 AM → cantonese: upcoming
10:30:05 AM → mandarin: live | 👀 4
Quota used so far: 1837
----
10:32:05 AM → cantonese: upcoming
10:32:05 AM → mandarin: live | 👀 3
Quota used so far: 1839
----
10:34:05 AM → cantonese: upcoming
🛑 mandarin stream just ended.
10:34:05 AM → mandarin: none
Quota used so far: 1841
----
10:36:05 AM → cantonese: upcoming
Quota used so far: 1842
----
10:38:05 AM → cantonese: upcoming
Quota used so far: 1843
----
10:40:05 AM → cantonese: upcoming
Quota used so far: 1844
----
10:42:05 AM → cantonese: upcoming
Quota used so far: 1845
----
10:44:05 AM → cantonese: upcoming
Quota used so far: 1846
----
10:46:05 AM → cantonese: upcoming
Quota used so far: 1847
----
10:48:05 AM → cantonese: upcoming
Quota used so far: 1848
----
10:50:05 AM → cantonese: upcoming
Quota used so far: 1849
----
10:52:05 AM → cantonese: upcoming
Quota used so far: 1850
----
10:54:05 AM → cantonese: upcoming
Quota used so far: 1851
----
10:56:05 AM → cantonese: upcoming
Quota used so far: 1852
----
10:58:05 AM → cantonese: upcoming
Quota used so far: 1853
----
11:00:05 AM → cantonese: live | 👀 6
Quota used so far: 1854
----
11:02:05 AM → cantonese: live | 👀 8
Quota used so far: 1855
----
11:04:05 AM → cantonese: live | 👀 9
Quota used so far: 1856
----
11:06:05 AM → cantonese: live | 👀 8
Quota used so far: 1857
----
11:08:05 AM → cantonese: live | 👀 10
Quota used so far: 1858
----
11:10:05 AM → cantonese: live | 👀 11
Quota used so far: 1859
----
11:12:05 AM → cantonese: live | 👀 15
Quota used so far: 1860
----
11:14:05 AM → cantonese: live | 👀 16
Quota used so far: 1861
----
11:16:05 AM → cantonese: live | 👀 16
Quota used so far: 1862
----
11:18:05 AM → cantonese: live | 👀 18
Quota used so far: 1863
----
11:20:05 AM → cantonese: live | 👀 16
Quota used so far: 1864
----
11:22:05 AM → cantonese: live | 👀 16
Quota used so far: 1865
----
11:24:05 AM → cantonese: live | 👀 15
Quota used so far: 1866
----
11:26:05 AM → cantonese: live | 👀 18
Quota used so far: 1867
----
11:28:05 AM → cantonese: live | 👀 16
Quota used so far: 1868
----
11:30:05 AM → cantonese: live | 👀 16
Quota used so far: 1869
----
11:32:05 AM → cantonese: live | 👀 17
Quota used so far: 1870
----
11:34:05 AM → cantonese: live | 👀 16
Quota used so far: 1871
----
11:36:05 AM → cantonese: live | 👀 16
Quota used so far: 1872
----
11:38:05 AM → cantonese: live | 👀 17
Quota used so far: 1873
----
11:40:05 AM → cantonese: live | 👀 17
Quota used so far: 1874
----
11:42:05 AM → cantonese: live | 👀 16
Quota used so far: 1875
----
11:44:05 AM → cantonese: live | 👀 16
Quota used so far: 1876
----
11:46:05 AM → cantonese: live | 👀 16
Quota used so far: 1877
----
11:48:05 AM → cantonese: live | 👀 16
Quota used so far: 1878
----
11:50:06 AM → cantonese: live | 👀 16
Quota used so far: 1879
----
11:52:05 AM → cantonese: live | 👀 17
Quota used so far: 1880
----
11:54:05 AM → cantonese: live | 👀 17
Quota used so far: 1881
----
11:56:05 AM → cantonese: live | 👀 17
Quota used so far: 1882
----
11:58:05 AM → cantonese: live | 👀 18
Quota used so far: 1883
----
12:00:05 PM → cantonese: live | 👀 20
Quota used so far: 1884
----
12:02:05 PM → cantonese: live | 👀 20
Quota used so far: 1885
----
12:04:05 PM → cantonese: live | 👀 19
Quota used so far: 1886
----
12:06:05 PM → cantonese: live | 👀 20
Quota used so far: 1887
----
12:08:05 PM → cantonese: live | 👀 19
Quota used so far: 1888
----
12:10:05 PM → cantonese: live | 👀 20
Quota used so far: 1889
----
12:12:06 PM → cantonese: live | 👀 18
Quota used so far: 1890
----
12:14:05 PM → cantonese: live | 👀 16
Quota used so far: 1891
----
🛑 cantonese stream just ended.
12:16:06 PM → cantonese: none
Quota used so far: 1892
----
✅ All streams finished. Exiting bridge.
9:00:06 AM → cantonese: upcoming
🔒 Locked cantonese → HzjkSGWk7mU
9:00:06 AM → english: upcoming
🔒 Locked english → Mj187WSfipg
9:00:06 AM → mandarin: upcoming
🔒 Locked mandarin → ICz6yuuYz5U
9:00:07 AM → joint: none
Quota used so far: 503
----
9:02:05 AM → cantonese: upcoming
9:02:05 AM → english: upcoming
9:02:05 AM → mandarin: upcoming
9:02:06 AM → joint: none
Quota used so far: 706
----
9:04:05 AM → cantonese: upcoming
9:04:05 AM → english: upcoming
9:04:05 AM → mandarin: upcoming
9:04:06 AM → joint: none
Quota used so far: 909
----
9:06:05 AM → cantonese: upcoming
9:06:05 AM → english: upcoming
9:06:05 AM → mandarin: upcoming
9:06:06 AM → joint: none
Quota used so far: 1112
----
9:08:05 AM → cantonese: upcoming
9:08:05 AM → english: upcoming
9:08:05 AM → mandarin: upcoming
9:08:06 AM → joint: none
Quota used so far: 1315
----
9:10:05 AM → cantonese: upcoming
9:10:05 AM → english: upcoming
9:10:05 AM → mandarin: upcoming
9:10:06 AM → joint: none
Quota used so far: 1518
----
9:12:05 AM → cantonese: upcoming
9:12:05 AM → english: live | 👀 5
9:12:06 AM → mandarin: upcoming
9:12:06 AM → joint: none
Quota used so far: 1721
----
9:14:05 AM → cantonese: upcoming
9:14:05 AM → english: live | 👀 5
9:14:05 AM → mandarin: upcoming
9:14:06 AM → joint: none
Quota used so far: 1924
----
9:16:05 AM → cantonese: upcoming
9:16:05 AM → english: live | 👀 8
9:16:05 AM → mandarin: live | 👀 6
9:16:06 AM → joint: none
🛑 English & Mandarin have both been live. Joint disabled.
Quota used so far: 2127
----
9:18:05 AM → cantonese: upcoming
9:18:05 AM → english: live | 👀 10
9:18:05 AM → mandarin: live | 👀 7
Quota used so far: 2130
----
9:20:06 AM → cantonese: upcoming
9:20:06 AM → english: live | 👀 12
9:20:06 AM → mandarin: live | 👀 7
Quota used so far: 2133
----
9:22:05 AM → cantonese: upcoming
9:22:05 AM → english: live | 👀 11
9:22:05 AM → mandarin: live | 👀 6
Quota used so far: 2136
----
9:24:05 AM → cantonese: upcoming
9:24:05 AM → english: live | 👀 11
9:24:05 AM → mandarin: live | 👀 6
Quota used so far: 2139
----
9:26:05 AM → cantonese: upcoming
9:26:05 AM → english: live | 👀 12
9:26:06 AM → mandarin: live | 👀 6
Quota used so far: 2142
----
9:28:05 AM → cantonese: upcoming
9:28:05 AM → english: live | 👀 15
9:28:05 AM → mandarin: live | 👀 6
Quota used so far: 2145
----
9:30:05 AM → cantonese: upcoming
9:30:05 AM → english: live | 👀 15
9:30:06 AM → mandarin: live | 👀 7
Quota used so far: 2148
----
9:32:05 AM → cantonese: upcoming
9:32:05 AM → english: live | 👀 15
9:32:06 AM → mandarin: live | 👀 6
Quota used so far: 2151
----
9:34:05 AM → cantonese: upcoming
9:34:05 AM → english: live | 👀 16
9:34:05 AM → mandarin: live | 👀 7
Quota used so far: 2154
----
9:36:05 AM → cantonese: upcoming
9:36:05 AM → english: live | 👀 18
9:36:05 AM → mandarin: live | 👀 6
Quota used so far: 2157
----
9:38:05 AM → cantonese: upcoming
9:38:05 AM → english: live | 👀 18
9:38:05 AM → mandarin: live | 👀 8
Quota used so far: 2160
----
9:40:05 AM → cantonese: upcoming
9:40:05 AM → english: live | 👀 18
9:40:06 AM → mandarin: live | 👀 9
Quota used so far: 2163
----
9:42:05 AM → cantonese: upcoming
9:42:05 AM → english: live | 👀 21
9:42:06 AM → mandarin: live | 👀 10
Quota used so far: 2166
----
9:44:05 AM → cantonese: upcoming
9:44:05 AM → english: live | 👀 23
9:44:05 AM → mandarin: live | 👀 9
Quota used so far: 2169
----
9:46:05 AM → cantonese: upcoming
9:46:05 AM → english: live | 👀 21
9:46:06 AM → mandarin: live | 👀 9
Quota used so far: 2172
----
9:48:05 AM → cantonese: upcoming
9:48:05 AM → english: live | 👀 21
9:48:05 AM → mandarin: live | 👀 8
Quota used so far: 2175
----
9:50:05 AM → cantonese: upcoming
9:50:05 AM → english: live | 👀 22
9:50:06 AM → mandarin: live | 👀 8
Quota used so far: 2178
----
9:52:05 AM → cantonese: upcoming
9:52:05 AM → english: live | 👀 22
9:52:05 AM → mandarin: live | 👀 9
Quota used so far: 2181
----
9:54:05 AM → cantonese: upcoming
9:54:05 AM → english: live | 👀 22
9:54:05 AM → mandarin: live | 👀 9
Quota used so far: 2184
----
9:56:05 AM → cantonese: upcoming
9:56:05 AM → english: live | 👀 23
9:56:05 AM → mandarin: live | 👀 9
Quota used so far: 2187
----
9:58:05 AM → cantonese: upcoming
9:58:05 AM → english: live | 👀 22
9:58:06 AM → mandarin: live | 👀 9
Quota used so far: 2190
----
10:00:05 AM → cantonese: upcoming
10:00:05 AM → english: live | 👀 22
10:00:06 AM → mandarin: live | 👀 9
Quota used so far: 2193
----
10:02:05 AM → cantonese: upcoming
10:02:05 AM → english: live | 👀 22
10:02:06 AM → mandarin: live | 👀 9
Quota used so far: 2196
----
10:04:05 AM → cantonese: upcoming
10:04:05 AM → english: live | 👀 21
10:04:05 AM → mandarin: live | 👀 9
Quota used so far: 2199
----
10:06:05 AM → cantonese: upcoming
10:06:05 AM → english: live | 👀 20
10:06:06 AM → mandarin: live | 👀 10
Quota used so far: 2202
----
10:08:05 AM → cantonese: upcoming
10:08:05 AM → english: live | 👀 21
10:08:06 AM → mandarin: live | 👀 9
Quota used so far: 2205
----
10:10:05 AM → cantonese: upcoming
10:10:05 AM → english: live | 👀 22
10:10:06 AM → mandarin: live | 👀 10
Quota used so far: 2208
----
10:12:05 AM → cantonese: upcoming
10:12:05 AM → english: live | 👀 22
10:12:06 AM → mandarin: live | 👀 11
Quota used so far: 2211
----
10:14:05 AM → cantonese: upcoming
10:14:05 AM → english: live | 👀 22
10:14:06 AM → mandarin: live | 👀 10
Quota used so far: 2214
----
10:16:06 AM → cantonese: upcoming
10:16:06 AM → english: live | 👀 22
10:16:06 AM → mandarin: live | 👀 10
Quota used so far: 2217
----
10:18:05 AM → cantonese: upcoming
10:18:05 AM → english: live | 👀 23
10:18:06 AM → mandarin: live | 👀 9
Quota used so far: 2220
----
10:20:05 AM → cantonese: upcoming
10:20:05 AM → english: live | 👀 24
10:20:06 AM → mandarin: live | 👀 10
Quota used so far: 2223
----
10:22:05 AM → cantonese: upcoming
10:22:05 AM → english: live | 👀 20
10:22:06 AM → mandarin: live | 👀 9
Quota used so far: 2226
----
10:24:05 AM → cantonese: upcoming
10:24:05 AM → english: live | 👀 22
10:24:06 AM → mandarin: live | 👀 11
Quota used so far: 2229
----
10:26:05 AM → cantonese: upcoming
10:26:05 AM → english: live | 👀 20
10:26:06 AM → mandarin: live | 👀 9
Quota used so far: 2232
----
10:28:05 AM → cantonese: upcoming
10:28:05 AM → english: live | 👀 20
10:28:06 AM → mandarin: live | 👀 10
Quota used so far: 2235
----
10:30:05 AM → cantonese: upcoming
10:30:05 AM → english: live | 👀 20
10:30:06 AM → mandarin: live | 👀 10
Quota used so far: 2238
----
10:32:05 AM → cantonese: upcoming
🛑 english stream just ended.
10:32:05 AM → english: none
10:32:06 AM → mandarin: live | 👀 10
Quota used so far: 2241
----
10:34:05 AM → cantonese: upcoming
🛑 mandarin stream just ended.
10:34:05 AM → mandarin: none
Quota used so far: 2243
----
10:36:05 AM → cantonese: upcoming
Quota used so far: 2244
----
10:38:05 AM → cantonese: upcoming
Quota used so far: 2245
----
10:40:05 AM → cantonese: upcoming
Quota used so far: 2246
----
10:42:05 AM → cantonese: upcoming
Quota used so far: 2247
----
10:44:05 AM → cantonese: upcoming
Quota used so far: 2248
----
10:46:05 AM → cantonese: upcoming
Quota used so far: 2249
----
10:48:05 AM → cantonese: upcoming
Quota used so far: 2250
----
10:50:05 AM → cantonese: upcoming
Quota used so far: 2251
----
10:52:05 AM → cantonese: upcoming
Quota used so far: 2252
----
10:54:05 AM → cantonese: upcoming
Quota used so far: 2253
----
10:56:05 AM → cantonese: live | 👀 7
Quota used so far: 2254
----
10:58:05 AM → cantonese: live | 👀 8
Quota used so far: 2255
----
11:00:05 AM → cantonese: live | 👀 9
Quota used so far: 2256
----
11:02:05 AM → cantonese: live | 👀 13
Quota used so far: 2257
----
11:04:05 AM → cantonese: live | 👀 15
Quota used so far: 2258
----
11:06:05 AM → cantonese: live | 👀 16
Quota used so far: 2259
----
11:08:05 AM → cantonese: live | 👀 15
Quota used so far: 2260
----
11:10:05 AM → cantonese: live | 👀 17
Quota used so far: 2261
----
11:12:05 AM → cantonese: live | 👀 19
Quota used so far: 2262
----
11:14:05 AM → cantonese: live | 👀 20
Quota used so far: 2263
----
11:16:05 AM → cantonese: live | 👀 19
Quota used so far: 2264
----
11:18:05 AM → cantonese: live | 👀 20
Quota used so far: 2265
----
11:20:05 AM → cantonese: live | 👀 21
Quota used so far: 2266
----
11:22:05 AM → cantonese: live | 👀 22
Quota used so far: 2267
----
11:24:05 AM → cantonese: live | 👀 22
Quota used so far: 2268
----
11:26:05 AM → cantonese: live | 👀 22
Quota used so far: 2269
----
11:28:05 AM → cantonese: live | 👀 22
Quota used so far: 2270
----
11:30:05 AM → cantonese: live | 👀 24
Quota used so far: 2271
----
11:32:05 AM → cantonese: live | 👀 24
Quota used so far: 2272
----
11:34:05 AM → cantonese: live | 👀 25
Quota used so far: 2273
----
11:36:05 AM → cantonese: live | 👀 24
Quota used so far: 2274
----
11:38:05 AM → cantonese: live | 👀 20
Quota used so far: 2275
----
11:40:05 AM → cantonese: live | 👀 21
Quota used so far: 2276
----
11:42:05 AM → cantonese: live | 👀 25
Quota used so far: 2277
----
11:44:05 AM → cantonese: live | 👀 24
Quota used so far: 2278
----
11:46:05 AM → cantonese: live | 👀 25
Quota used so far: 2279
----
11:48:05 AM → cantonese: live | 👀 26
Quota used so far: 2280
----
11:50:05 AM → cantonese: live | 👀 25
Quota used so far: 2281
----
11:52:05 AM → cantonese: live | 👀 25
Quota used so far: 2282
----
11:54:05 AM → cantonese: live | 👀 26
Quota used so far: 2283
----
11:56:05 AM → cantonese: live | 👀 25
Quota used so far: 2284
----
11:58:05 AM → cantonese: live | 👀 25
Quota used so far: 2285
----
12:00:05 PM → cantonese: live | 👀 24
Quota used so far: 2286
----
12:02:05 PM → cantonese: live | 👀 25
Quota used so far: 2287
----
12:04:05 PM → cantonese: live | 👀 25
Quota used so far: 2288
----
12:06:05 PM → cantonese: live | 👀 24
Quota used so far: 2289
----
12:08:05 PM → cantonese: live | 👀 24
Quota used so far: 2290
----
12:10:05 PM → cantonese: live | 👀 25
Quota used so far: 2291
----
12:12:05 PM → cantonese: live | 👀 23
Quota used so far: 2292
----
12:14:05 PM → cantonese: live | 👀 24
Quota used so far: 2293
----
12:16:05 PM → cantonese: live | 👀 24
Quota used so far: 2294
----
12:18:05 PM → cantonese: live | 👀 23
Quota used so far: 2295
----
12:20:05 PM → cantonese: live | 👀 22
Quota used so far: 2296
----
🛑 cantonese stream just ended.
12:22:05 PM → cantonese: none
Quota used so far: 2297
----
✅ All streams finished. Exiting bridge.
3/22/2026, 9:00:06 AM → cantonese: upcoming
🔒 Locked cantonese → yT6bTUImM-I
3/22/2026, 9:00:06 AM → english: upcoming
🔒 Locked english → DcqSTCjf8K0
3/22/2026, 9:00:07 AM → mandarin: upcoming
🔒 Locked mandarin → bpb7aCmHpd4
3/22/2026, 9:00:07 AM → joint: none
Quota used so far: 503
----
3/22/2026, 9:02:05 AM → cantonese: upcoming
3/22/2026, 9:02:05 AM → english: upcoming
3/22/2026, 9:02:06 AM → mandarin: upcoming
3/22/2026, 9:02:06 AM → joint: none
Quota used so far: 706
----
3/22/2026, 9:04:05 AM → cantonese: upcoming
3/22/2026, 9:04:05 AM → english: upcoming
3/22/2026, 9:04:06 AM → mandarin: upcoming
3/22/2026, 9:04:06 AM → joint: none
Quota used so far: 909
----
3/22/2026, 9:06:05 AM → cantonese: upcoming
3/22/2026, 9:06:05 AM → english: upcoming
3/22/2026, 9:06:06 AM → mandarin: upcoming
3/22/2026, 9:06:06 AM → joint: none
Quota used so far: 1112
----
3/22/2026, 9:08:05 AM → cantonese: upcoming
3/22/2026, 9:08:05 AM → english: upcoming
3/22/2026, 9:08:06 AM → mandarin: upcoming
3/22/2026, 9:08:06 AM → joint: none
Quota used so far: 1315
----
3/22/2026, 9:10:05 AM → cantonese: upcoming
3/22/2026, 9:10:05 AM → english: live | 👀 6
3/22/2026, 9:10:05 AM → mandarin: live | 👀 3
3/22/2026, 9:10:06 AM → joint: none
🛑 English & Mandarin have both been live. Joint disabled.
Quota used so far: 1518
----
3/22/2026, 9:12:05 AM → cantonese: upcoming
3/22/2026, 9:12:05 AM → english: live | 👀 4
3/22/2026, 9:12:05 AM → mandarin: live | 👀 4
Quota used so far: 1521
----
3/22/2026, 9:14:05 AM → cantonese: upcoming
3/22/2026, 9:14:05 AM → english: live | 👀 5
3/22/2026, 9:14:06 AM → mandarin: live | 👀 4
Quota used so far: 1524
----
3/22/2026, 9:16:05 AM → cantonese: upcoming
3/22/2026, 9:16:05 AM → english: live | 👀 8
3/22/2026, 9:16:05 AM → mandarin: live | 👀 4
Quota used so far: 1527
----
3/22/2026, 9:18:05 AM → cantonese: upcoming
3/22/2026, 9:18:05 AM → english: live | 👀 13
3/22/2026, 9:18:06 AM → mandarin: live | 👀 8
Quota used so far: 1530
----
3/22/2026, 9:20:05 AM → cantonese: upcoming
3/22/2026, 9:20:05 AM → english: live | 👀 14
3/22/2026, 9:20:06 AM → mandarin: live | 👀 12
Quota used so far: 1533
----
3/22/2026, 9:22:05 AM → cantonese: upcoming
3/22/2026, 9:22:05 AM → english: live | 👀 14
3/22/2026, 9:22:05 AM → mandarin: live | 👀 10
Quota used so far: 1536
----
3/22/2026, 9:24:05 AM → cantonese: upcoming
3/22/2026, 9:24:05 AM → english: live | 👀 15
3/22/2026, 9:24:06 AM → mandarin: live | 👀 10
Quota used so far: 1539
----
3/22/2026, 9:26:06 AM → cantonese: upcoming
3/22/2026, 9:26:06 AM → english: live | 👀 15
3/22/2026, 9:26:06 AM → mandarin: live | 👀 11
Quota used so far: 1542
----
3/22/2026, 9:28:05 AM → cantonese: upcoming
3/22/2026, 9:28:05 AM → english: live | 👀 16
3/22/2026, 9:28:06 AM → mandarin: live | 👀 8
Quota used so far: 1545
----
3/22/2026, 9:30:05 AM → cantonese: upcoming
3/22/2026, 9:30:05 AM → english: live | 👀 18
3/22/2026, 9:30:06 AM → mandarin: live | 👀 9
Quota used so far: 1548
----
3/22/2026, 9:32:05 AM → cantonese: upcoming
3/22/2026, 9:32:05 AM → english: live | 👀 16
3/22/2026, 9:32:06 AM → mandarin: live | 👀 8
Quota used so far: 1551
----
3/22/2026, 9:34:05 AM → cantonese: upcoming
3/22/2026, 9:34:05 AM → english: live | 👀 18
3/22/2026, 9:34:05 AM → mandarin: live | 👀 8
Quota used so far: 1554
----
3/22/2026, 9:36:05 AM → cantonese: upcoming
3/22/2026, 9:36:05 AM → english: live | 👀 19
3/22/2026, 9:36:06 AM → mandarin: live | 👀 9
Quota used so far: 1557
----
3/22/2026, 9:38:05 AM → cantonese: upcoming
3/22/2026, 9:38:06 AM → english: live | 👀 20
3/22/2026, 9:38:06 AM → mandarin: live | 👀 8
Quota used so far: 1560
----
3/22/2026, 9:40:05 AM → cantonese: upcoming
3/22/2026, 9:40:05 AM → english: live | 👀 20
3/22/2026, 9:40:05 AM → mandarin: live | 👀 11
Quota used so far: 1563
----
3/22/2026, 9:42:05 AM → cantonese: upcoming
3/22/2026, 9:42:05 AM → english: live | 👀 20
3/22/2026, 9:42:06 AM → mandarin: live | 👀 11
Quota used so far: 1566
----
3/22/2026, 9:44:05 AM → cantonese: upcoming
3/22/2026, 9:44:05 AM → english: live | 👀 20
3/22/2026, 9:44:05 AM → mandarin: live | 👀 10
Quota used so far: 1569
----
3/22/2026, 9:46:05 AM → cantonese: upcoming
3/22/2026, 9:46:05 AM → english: live | 👀 20
3/22/2026, 9:46:06 AM → mandarin: live | 👀 10
Quota used so far: 1572
----
3/22/2026, 9:48:05 AM → cantonese: upcoming
3/22/2026, 9:48:05 AM → english: live | 👀 20
3/22/2026, 9:48:05 AM → mandarin: live | 👀 10
Quota used so far: 1575
----
3/22/2026, 9:50:05 AM → cantonese: upcoming
3/22/2026, 9:50:05 AM → english: live | 👀 20
3/22/2026, 9:50:06 AM → mandarin: live | 👀 10
Quota used so far: 1578
----
3/22/2026, 9:52:05 AM → cantonese: upcoming
3/22/2026, 9:52:05 AM → english: live | 👀 20
3/22/2026, 9:52:06 AM → mandarin: live | 👀 8
Quota used so far: 1581
----
3/22/2026, 9:54:05 AM → cantonese: upcoming
3/22/2026, 9:54:06 AM → english: live | 👀 20
3/22/2026, 9:54:06 AM → mandarin: live | 👀 7
Quota used so far: 1584
----
3/22/2026, 9:56:05 AM → cantonese: upcoming
3/22/2026, 9:56:05 AM → english: live | 👀 20
3/22/2026, 9:56:06 AM → mandarin: live | 👀 8
Quota used so far: 1587
----
3/22/2026, 9:58:05 AM → cantonese: upcoming
3/22/2026, 9:58:05 AM → english: live | 👀 20
3/22/2026, 9:58:06 AM → mandarin: live | 👀 9
Quota used so far: 1590
----
3/22/2026, 10:00:05 AM → cantonese: upcoming
3/22/2026, 10:00:05 AM → english: live | 👀 19
3/22/2026, 10:00:06 AM → mandarin: live | 👀 8
Quota used so far: 1593
----
3/22/2026, 10:02:05 AM → cantonese: upcoming
3/22/2026, 10:02:06 AM → english: live | 👀 20
3/22/2026, 10:02:06 AM → mandarin: live | 👀 8
Quota used so far: 1596
----
3/22/2026, 10:04:05 AM → cantonese: upcoming
3/22/2026, 10:04:06 AM → english: live | 👀 21
3/22/2026, 10:04:06 AM → mandarin: live | 👀 8
Quota used so far: 1599
----
3/22/2026, 10:06:05 AM → cantonese: upcoming
3/22/2026, 10:06:05 AM → english: live | 👀 21
3/22/2026, 10:06:06 AM → mandarin: live | 👀 8
Quota used so far: 1602
----
3/22/2026, 10:08:05 AM → cantonese: upcoming
3/22/2026, 10:08:05 AM → english: live | 👀 23
3/22/2026, 10:08:06 AM → mandarin: live | 👀 8
Quota used so far: 1605
----
3/22/2026, 10:10:05 AM → cantonese: upcoming
3/22/2026, 10:10:05 AM → english: live | 👀 19
3/22/2026, 10:10:06 AM → mandarin: live | 👀 9
Quota used so far: 1608
----
3/22/2026, 10:12:05 AM → cantonese: upcoming
3/22/2026, 10:12:06 AM → english: live | 👀 19
3/22/2026, 10:12:06 AM → mandarin: live | 👀 8
Quota used so far: 1611
----
3/22/2026, 10:14:05 AM → cantonese: upcoming
3/22/2026, 10:14:06 AM → english: live | 👀 22
3/22/2026, 10:14:06 AM → mandarin: live | 👀 9
Quota used so far: 1614
----
3/22/2026, 10:16:05 AM → cantonese: upcoming
3/22/2026, 10:16:05 AM → english: live | 👀 22
3/22/2026, 10:16:06 AM → mandarin: live | 👀 9
Quota used so far: 1617
----
3/22/2026, 10:18:05 AM → cantonese: upcoming
3/22/2026, 10:18:05 AM → english: live | 👀 22
3/22/2026, 10:18:06 AM → mandarin: live | 👀 8
Quota used so far: 1620
----
3/22/2026, 10:20:05 AM → cantonese: upcoming
3/22/2026, 10:20:05 AM → english: live | 👀 23
3/22/2026, 10:20:06 AM → mandarin: live | 👀 8
Quota used so far: 1623
----
3/22/2026, 10:22:05 AM → cantonese: upcoming
3/22/2026, 10:22:05 AM → english: live | 👀 18
3/22/2026, 10:22:06 AM → mandarin: live | 👀 8
Quota used so far: 1626
----
3/22/2026, 10:24:05 AM → cantonese: upcoming
3/22/2026, 10:24:06 AM → english: live | 👀 17
3/22/2026, 10:24:06 AM → mandarin: live | 👀 8
Quota used so far: 1629
----
3/22/2026, 10:26:05 AM → cantonese: upcoming
3/22/2026, 10:26:05 AM → english: live | 👀 17
3/22/2026, 10:26:06 AM → mandarin: live | 👀 8
Quota used so far: 1632
----
3/22/2026, 10:28:05 AM → cantonese: upcoming
3/22/2026, 10:28:05 AM → english: live | 👀 19
3/22/2026, 10:28:06 AM → mandarin: live | 👀 8
Quota used so far: 1635
----
3/22/2026, 10:30:05 AM → cantonese: upcoming
🛑 english stream just ended.
3/22/2026, 10:30:06 AM → english: none
3/22/2026, 10:30:06 AM → mandarin: live | 👀 8
Quota used so far: 1638
----
3/22/2026, 10:32:05 AM → cantonese: upcoming
🛑 mandarin stream just ended.
3/22/2026, 10:32:05 AM → mandarin: none
Quota used so far: 1640
----
3/22/2026, 10:34:05 AM → cantonese: upcoming
Quota used so far: 1641
----
3/22/2026, 10:36:05 AM → cantonese: upcoming
Quota used so far: 1642
----
3/22/2026, 10:38:05 AM → cantonese: upcoming
Quota used so far: 1643
----
3/22/2026, 10:40:05 AM → cantonese: upcoming
Quota used so far: 1644
----
3/22/2026, 10:42:05 AM → cantonese: upcoming
Quota used so far: 1645
----
3/22/2026, 10:44:05 AM → cantonese: upcoming
Quota used so far: 1646
----
3/22/2026, 10:46:05 AM → cantonese: upcoming
Quota used so far: 1647
----
3/22/2026, 10:48:05 AM → cantonese: upcoming
Quota used so far: 1648
----
3/22/2026, 10:50:05 AM → cantonese: upcoming
Quota used so far: 1649
----
3/22/2026, 10:52:05 AM → cantonese: upcoming
Quota used so far: 1650
----
3/22/2026, 10:54:05 AM → cantonese: upcoming
Quota used so far: 1651
----
3/22/2026, 10:56:05 AM → cantonese: upcoming
Quota used so far: 1652
----
3/22/2026, 10:58:05 AM → cantonese: upcoming
Quota used so far: 1653
----
3/22/2026, 11:00:05 AM → cantonese: live | 👀 8
Quota used so far: 1654
----
3/22/2026, 11:02:05 AM → cantonese: live | 👀 11
Quota used so far: 1655
----
3/22/2026, 11:04:05 AM → cantonese: live | 👀 11
Quota used so far: 1656
----
3/22/2026, 11:06:05 AM → cantonese: live | 👀 9
Quota used so far: 1657
----
3/22/2026, 11:08:05 AM → cantonese: live | 👀 10
Quota used so far: 1658
----
3/22/2026, 11:10:05 AM → cantonese: live | 👀 9
Quota used so far: 1659
----
3/22/2026, 11:12:05 AM → cantonese: live | 👀 14
Quota used so far: 1660
----
3/22/2026, 11:14:05 AM → cantonese: live | 👀 13
Quota used so far: 1661
----
3/22/2026, 11:16:05 AM → cantonese: live | 👀 13
Quota used so far: 1662
----
3/22/2026, 11:18:05 AM → cantonese: live | 👀 14
Quota used so far: 1663
----
3/22/2026, 11:20:06 AM → cantonese: live | 👀 15
Quota used so far: 1664
----
3/22/2026, 11:22:05 AM → cantonese: live | 👀 18
Quota used so far: 1665
----
3/22/2026, 11:24:05 AM → cantonese: live | 👀 18
Quota used so far: 1666
----
3/22/2026, 11:26:05 AM → cantonese: live | 👀 12
Quota used so far: 1667
----
3/22/2026, 11:28:05 AM → cantonese: live | 👀 14
Quota used so far: 1668
----
3/22/2026, 11:30:06 AM → cantonese: live | 👀 13
Quota used so far: 1669
----
3/22/2026, 11:32:05 AM → cantonese: live | 👀 15
Quota used so far: 1670
----
3/22/2026, 11:34:05 AM → cantonese: live | 👀 17
Quota used so far: 1671
----
3/22/2026, 11:36:05 AM → cantonese: live | 👀 16
Quota used so far: 1672
----
3/22/2026, 11:38:05 AM → cantonese: live | 👀 17
Quota used so far: 1673
----
3/22/2026, 11:40:05 AM → cantonese: live | 👀 16
Quota used so far: 1674
----
3/22/2026, 11:42:05 AM → cantonese: live | 👀 17
Quota used so far: 1675
----
3/22/2026, 11:44:05 AM → cantonese: live | 👀 17
Quota used so far: 1676
----
3/22/2026, 11:46:05 AM → cantonese: live | 👀 17
Quota used so far: 1677
----
3/22/2026, 11:48:06 AM → cantonese: live | 👀 14
Quota used so far: 1678
----
3/22/2026, 11:50:05 AM → cantonese: live | 👀 12
Quota used so far: 1679
----
3/22/2026, 11:52:05 AM → cantonese: live | 👀 17
Quota used so far: 1680
----
3/22/2026, 11:54:05 AM → cantonese: live | 👀 16
Quota used so far: 1681
----
3/22/2026, 11:56:05 AM → cantonese: live | 👀 16
Quota used so far: 1682
----
3/22/2026, 11:58:05 AM → cantonese: live | 👀 17
Quota used so far: 1683
----
3/22/2026, 12:00:06 PM → cantonese: live | 👀 16
Quota used so far: 1684
----
3/22/2026, 12:02:05 PM → cantonese: live | 👀 11
Quota used so far: 1685
----
3/22/2026, 12:04:06 PM → cantonese: live | 👀 13
Quota used so far: 1686
----
3/22/2026, 12:06:06 PM → cantonese: live | 👀 16
Quota used so far: 1687
----
🛑 cantonese stream just ended.
3/22/2026, 12:08:06 PM → cantonese: none
Quota used so far: 1688
----
✅ All streams finished. Exiting bridge.
3/29/2026, 9:00:04 AM → cantonese: upcoming
🔒 Locked cantonese → 9OrqI7SqCfI
3/29/2026, 9:00:04 AM → english: upcoming
🔒 Locked english → OtxGmwHVvPA
3/29/2026, 9:00:05 AM → mandarin: upcoming
🔒 Locked mandarin → cf8dQ1OlXqU
3/29/2026, 9:00:05 AM → joint: upcoming
🔒 Locked joint → OtxGmwHVvPA
Quota used so far: 404
----
3/29/2026, 9:02:04 AM → cantonese: upcoming
3/29/2026, 9:02:04 AM → english: upcoming
3/29/2026, 9:02:04 AM → mandarin: upcoming
3/29/2026, 9:02:04 AM → joint: upcoming
Quota used so far: 408
----
3/29/2026, 9:04:04 AM → cantonese: upcoming
3/29/2026, 9:04:04 AM → english: upcoming
3/29/2026, 9:04:04 AM → mandarin: upcoming
3/29/2026, 9:04:04 AM → joint: upcoming
Quota used so far: 412
----
3/29/2026, 9:06:04 AM → cantonese: upcoming
3/29/2026, 9:06:04 AM → english: upcoming
3/29/2026, 9:06:04 AM → mandarin: upcoming
3/29/2026, 9:06:04 AM → joint: upcoming
Quota used so far: 416
----
3/29/2026, 9:08:04 AM → cantonese: upcoming
3/29/2026, 9:08:04 AM → english: upcoming
3/29/2026, 9:08:04 AM → mandarin: upcoming
3/29/2026, 9:08:04 AM → joint: upcoming
Quota used so far: 420
----
3/29/2026, 9:10:04 AM → cantonese: upcoming
3/29/2026, 9:10:04 AM → english: upcoming
3/29/2026, 9:10:04 AM → mandarin: live | 👀 2
3/29/2026, 9:10:04 AM → joint: upcoming
Quota used so far: 424
----
3/29/2026, 9:12:04 AM → cantonese: upcoming
3/29/2026, 9:12:04 AM → english: upcoming
3/29/2026, 9:12:04 AM → mandarin: live | 👀 3
3/29/2026, 9:12:04 AM → joint: upcoming
Quota used so far: 428
----
3/29/2026, 9:14:04 AM → cantonese: upcoming
3/29/2026, 9:14:04 AM → english: upcoming
3/29/2026, 9:14:04 AM → mandarin: live | 👀 3
3/29/2026, 9:14:04 AM → joint: upcoming
Quota used so far: 432
----
3/29/2026, 9:16:04 AM → cantonese: upcoming
3/29/2026, 9:16:04 AM → english: upcoming
3/29/2026, 9:16:04 AM → mandarin: live | 👀 6
3/29/2026, 9:16:04 AM → joint: upcoming
Quota used so far: 436
----
3/29/2026, 9:18:04 AM → cantonese: upcoming
3/29/2026, 9:18:04 AM → english: upcoming
3/29/2026, 9:18:04 AM → mandarin: live | 👀 6
3/29/2026, 9:18:04 AM → joint: upcoming
Quota used so far: 440
----
3/29/2026, 9:20:04 AM → cantonese: upcoming
3/29/2026, 9:20:04 AM → english: upcoming
3/29/2026, 9:20:04 AM → mandarin: live | 👀 8
3/29/2026, 9:20:04 AM → joint: upcoming
Quota used so far: 444
----
3/29/2026, 9:22:04 AM → cantonese: upcoming
3/29/2026, 9:22:04 AM → english: upcoming
3/29/2026, 9:22:04 AM → mandarin: live | 👀 7
3/29/2026, 9:22:04 AM → joint: upcoming
Quota used so far: 448
----
3/29/2026, 9:24:04 AM → cantonese: upcoming
3/29/2026, 9:24:04 AM → english: upcoming
3/29/2026, 9:24:04 AM → mandarin: live | 👀 6
3/29/2026, 9:24:04 AM → joint: upcoming
Quota used so far: 452
----
3/29/2026, 9:26:04 AM → cantonese: upcoming
3/29/2026, 9:26:04 AM → english: upcoming
3/29/2026, 9:26:04 AM → mandarin: live | 👀 6
3/29/2026, 9:26:04 AM → joint: upcoming
Quota used so far: 456
----
3/29/2026, 9:28:04 AM → cantonese: upcoming
3/29/2026, 9:28:04 AM → english: upcoming
3/29/2026, 9:28:04 AM → mandarin: live | 👀 6
3/29/2026, 9:28:04 AM → joint: upcoming
Quota used so far: 460
----
3/29/2026, 9:30:04 AM → cantonese: upcoming
3/29/2026, 9:30:04 AM → english: upcoming
3/29/2026, 9:30:04 AM → mandarin: live | 👀 7
3/29/2026, 9:30:04 AM → joint: upcoming
Quota used so far: 464
----
3/29/2026, 9:32:04 AM → cantonese: upcoming
3/29/2026, 9:32:04 AM → english: upcoming
3/29/2026, 9:32:04 AM → mandarin: live | 👀 5
3/29/2026, 9:32:04 AM → joint: upcoming
Quota used so far: 468
----
3/29/2026, 9:34:04 AM → cantonese: upcoming
3/29/2026, 9:34:04 AM → english: upcoming
3/29/2026, 9:34:04 AM → mandarin: live | 👀 5
3/29/2026, 9:34:04 AM → joint: upcoming
Quota used so far: 472
----
3/29/2026, 9:36:04 AM → cantonese: upcoming
3/29/2026, 9:36:04 AM → english: upcoming
3/29/2026, 9:36:04 AM → mandarin: live | 👀 5
3/29/2026, 9:36:04 AM → joint: upcoming
Quota used so far: 476
----
3/29/2026, 9:38:04 AM → cantonese: upcoming
3/29/2026, 9:38:04 AM → english: upcoming
3/29/2026, 9:38:04 AM → mandarin: live | 👀 6
3/29/2026, 9:38:04 AM → joint: upcoming
Quota used so far: 480
----
3/29/2026, 9:40:04 AM → cantonese: upcoming
3/29/2026, 9:40:04 AM → english: upcoming
3/29/2026, 9:40:04 AM → mandarin: live | 👀 7
3/29/2026, 9:40:04 AM → joint: upcoming
Quota used so far: 484
----
3/29/2026, 9:42:04 AM → cantonese: upcoming
3/29/2026, 9:42:04 AM → english: upcoming
3/29/2026, 9:42:04 AM → mandarin: live | 👀 4
3/29/2026, 9:42:04 AM → joint: upcoming
Quota used so far: 488
----
3/29/2026, 9:44:04 AM → cantonese: upcoming
3/29/2026, 9:44:04 AM → english: upcoming
3/29/2026, 9:44:04 AM → mandarin: live | 👀 5
3/29/2026, 9:44:04 AM → joint: upcoming
Quota used so far: 492
----
3/29/2026, 9:46:04 AM → cantonese: upcoming
3/29/2026, 9:46:04 AM → english: upcoming
3/29/2026, 9:46:04 AM → mandarin: live | 👀 7
3/29/2026, 9:46:04 AM → joint: upcoming
Quota used so far: 496
----
3/29/2026, 9:48:04 AM → cantonese: upcoming
3/29/2026, 9:48:04 AM → english: upcoming
3/29/2026, 9:48:04 AM → mandarin: live | 👀 9
3/29/2026, 9:48:04 AM → joint: upcoming
Quota used so far: 500
----
3/29/2026, 9:50:04 AM → cantonese: upcoming
3/29/2026, 9:50:04 AM → english: upcoming
3/29/2026, 9:50:04 AM → mandarin: live | 👀 7
3/29/2026, 9:50:04 AM → joint: upcoming
Quota used so far: 504
----
3/29/2026, 9:52:04 AM → cantonese: upcoming
3/29/2026, 9:52:04 AM → english: upcoming
3/29/2026, 9:52:04 AM → mandarin: live | 👀 7
3/29/2026, 9:52:04 AM → joint: upcoming
Quota used so far: 508
----
3/29/2026, 9:54:04 AM → cantonese: upcoming
3/29/2026, 9:54:04 AM → english: upcoming
3/29/2026, 9:54:04 AM → mandarin: live | 👀 8
3/29/2026, 9:54:04 AM → joint: upcoming
Quota used so far: 512
----
3/29/2026, 9:56:04 AM → cantonese: upcoming
3/29/2026, 9:56:04 AM → english: upcoming
3/29/2026, 9:56:04 AM → mandarin: live | 👀 7
3/29/2026, 9:56:04 AM → joint: upcoming
Quota used so far: 516
----
3/29/2026, 9:58:04 AM → cantonese: upcoming
3/29/2026, 9:58:04 AM → english: upcoming
3/29/2026, 9:58:04 AM → mandarin: live | 👀 7
3/29/2026, 9:58:04 AM → joint: upcoming
Quota used so far: 520
----
3/29/2026, 10:00:04 AM → cantonese: upcoming
3/29/2026, 10:00:04 AM → english: upcoming
3/29/2026, 10:00:04 AM → mandarin: live | 👀 7
3/29/2026, 10:00:04 AM → joint: upcoming
Quota used so far: 524
----
3/29/2026, 10:02:04 AM → cantonese: upcoming
3/29/2026, 10:02:04 AM → english: upcoming
3/29/2026, 10:02:04 AM → mandarin: live | 👀 7
3/29/2026, 10:02:04 AM → joint: upcoming
Quota used so far: 528
----
3/29/2026, 10:04:04 AM → cantonese: upcoming
3/29/2026, 10:04:04 AM → english: upcoming
3/29/2026, 10:04:04 AM → mandarin: live | 👀 7
3/29/2026, 10:04:04 AM → joint: upcoming
Quota used so far: 532
----
3/29/2026, 10:06:04 AM → cantonese: upcoming
3/29/2026, 10:06:04 AM → english: upcoming
3/29/2026, 10:06:04 AM → mandarin: live | 👀 8
3/29/2026, 10:06:04 AM → joint: upcoming
Quota used so far: 536
----
3/29/2026, 10:08:04 AM → cantonese: upcoming
3/29/2026, 10:08:04 AM → english: upcoming
3/29/2026, 10:08:04 AM → mandarin: live | 👀 7
3/29/2026, 10:08:04 AM → joint: upcoming
Quota used so far: 540
----
3/29/2026, 10:10:04 AM → cantonese: upcoming
3/29/2026, 10:10:04 AM → english: upcoming
3/29/2026, 10:10:04 AM → mandarin: live | 👀 8
3/29/2026, 10:10:04 AM → joint: upcoming
Quota used so far: 544
----
3/29/2026, 10:12:04 AM → cantonese: upcoming
3/29/2026, 10:12:04 AM → english: upcoming
3/29/2026, 10:12:04 AM → mandarin: live | 👀 8
3/29/2026, 10:12:04 AM → joint: upcoming
Quota used so far: 548
----
3/29/2026, 10:14:04 AM → cantonese: upcoming
3/29/2026, 10:14:04 AM → english: upcoming
3/29/2026, 10:14:04 AM → mandarin: live | 👀 8
3/29/2026, 10:14:04 AM → joint: upcoming
Quota used so far: 552
----
3/29/2026, 10:16:04 AM → cantonese: upcoming
3/29/2026, 10:16:04 AM → english: upcoming
3/29/2026, 10:16:04 AM → mandarin: live | 👀 8
3/29/2026, 10:16:04 AM → joint: upcoming
Quota used so far: 556
----
3/29/2026, 10:18:04 AM → cantonese: upcoming
3/29/2026, 10:18:04 AM → english: upcoming
3/29/2026, 10:18:04 AM → mandarin: live | 👀 8
3/29/2026, 10:18:04 AM → joint: upcoming
Quota used so far: 560
----
3/29/2026, 10:20:04 AM → cantonese: upcoming
3/29/2026, 10:20:04 AM → english: upcoming
3/29/2026, 10:20:04 AM → mandarin: live | 👀 8
3/29/2026, 10:20:04 AM → joint: upcoming
Quota used so far: 564
----
3/29/2026, 10:22:04 AM → cantonese: upcoming
3/29/2026, 10:22:04 AM → english: upcoming
3/29/2026, 10:22:04 AM → mandarin: live | 👀 8
3/29/2026, 10:22:04 AM → joint: upcoming
Quota used so far: 568
----
3/29/2026, 10:24:04 AM → cantonese: upcoming
3/29/2026, 10:24:04 AM → english: upcoming
3/29/2026, 10:24:04 AM → mandarin: live | 👀 8
3/29/2026, 10:24:04 AM → joint: upcoming
Quota used so far: 572
----
3/29/2026, 10:26:04 AM → cantonese: upcoming
3/29/2026, 10:26:04 AM → english: upcoming
3/29/2026, 10:26:04 AM → mandarin: live | 👀 7
3/29/2026, 10:26:04 AM → joint: upcoming
Quota used so far: 576
----
3/29/2026, 10:28:04 AM → cantonese: upcoming
3/29/2026, 10:28:04 AM → english: upcoming
3/29/2026, 10:28:04 AM → mandarin: live | 👀 8
3/29/2026, 10:28:04 AM → joint: upcoming
Quota used so far: 580
----
3/29/2026, 10:30:04 AM → cantonese: upcoming
3/29/2026, 10:30:04 AM → english: upcoming
3/29/2026, 10:30:04 AM → mandarin: live | 👀 5
3/29/2026, 10:30:04 AM → joint: upcoming
Quota used so far: 584
----
3/29/2026, 10:32:04 AM → cantonese: upcoming
3/29/2026, 10:32:04 AM → english: upcoming
🛑 mandarin stream just ended.
3/29/2026, 10:32:04 AM → mandarin: none
3/29/2026, 10:32:04 AM → joint: upcoming
Quota used so far: 588
----
3/29/2026, 10:34:04 AM → cantonese: upcoming
3/29/2026, 10:34:04 AM → english: upcoming
3/29/2026, 10:34:04 AM → joint: upcoming
Quota used so far: 591
----
3/29/2026, 10:36:04 AM → cantonese: upcoming
3/29/2026, 10:36:04 AM → english: upcoming
3/29/2026, 10:36:04 AM → joint: upcoming
Quota used so far: 594
----
3/29/2026, 10:38:04 AM → cantonese: upcoming
3/29/2026, 10:38:04 AM → english: upcoming
3/29/2026, 10:38:04 AM → joint: upcoming
Quota used so far: 597
----
3/29/2026, 10:40:04 AM → cantonese: upcoming
3/29/2026, 10:40:04 AM → english: upcoming
3/29/2026, 10:40:04 AM → joint: upcoming
Quota used so far: 600
----
3/29/2026, 10:42:04 AM → cantonese: upcoming
3/29/2026, 10:42:04 AM → english: upcoming
3/29/2026, 10:42:04 AM → joint: upcoming
Quota used so far: 603
----
3/29/2026, 10:44:04 AM → cantonese: upcoming
3/29/2026, 10:44:04 AM → english: upcoming
3/29/2026, 10:44:04 AM → joint: upcoming
Quota used so far: 606
----
3/29/2026, 10:46:04 AM → cantonese: upcoming
3/29/2026, 10:46:04 AM → english: upcoming
3/29/2026, 10:46:04 AM → joint: upcoming
Quota used so far: 609
----
3/29/2026, 10:48:04 AM → cantonese: upcoming
3/29/2026, 10:48:04 AM → english: upcoming
3/29/2026, 10:48:04 AM → joint: upcoming
Quota used so far: 612
----
3/29/2026, 10:50:04 AM → cantonese: upcoming
3/29/2026, 10:50:04 AM → english: upcoming
3/29/2026, 10:50:04 AM → joint: upcoming
Quota used so far: 615
----
3/29/2026, 10:52:04 AM → cantonese: upcoming
3/29/2026, 10:52:04 AM → english: upcoming
3/29/2026, 10:52:04 AM → joint: upcoming
Quota used so far: 618
----
3/29/2026, 10:54:04 AM → cantonese: upcoming
3/29/2026, 10:54:04 AM → english: upcoming
3/29/2026, 10:54:04 AM → joint: upcoming
Quota used so far: 621
----
3/29/2026, 10:56:04 AM → cantonese: upcoming
3/29/2026, 10:56:04 AM → english: upcoming
3/29/2026, 10:56:04 AM → joint: upcoming
Quota used so far: 624
----
3/29/2026, 10:58:04 AM → cantonese: upcoming
3/29/2026, 10:58:04 AM → english: upcoming
3/29/2026, 10:58:04 AM → joint: upcoming
Quota used so far: 627
----
3/29/2026, 11:00:04 AM → cantonese: upcoming
3/29/2026, 11:00:04 AM → english: upcoming
3/29/2026, 11:00:04 AM → joint: upcoming
Quota used so far: 630
----
3/29/2026, 11:02:04 AM → cantonese: upcoming
3/29/2026, 11:02:04 AM → english: upcoming
3/29/2026, 11:02:04 AM → joint: upcoming
Quota used so far: 633
----
3/29/2026, 11:04:04 AM → cantonese: upcoming
3/29/2026, 11:04:04 AM → english: upcoming
3/29/2026, 11:04:04 AM → joint: upcoming
Quota used so far: 636
----
3/29/2026, 11:06:04 AM → cantonese: upcoming
3/29/2026, 11:06:04 AM → english: upcoming
3/29/2026, 11:06:04 AM → joint: upcoming
Quota used so far: 639
----
3/29/2026, 11:08:04 AM → cantonese: upcoming
3/29/2026, 11:08:04 AM → english: upcoming
3/29/2026, 11:08:04 AM → joint: upcoming
Quota used so far: 642
----
3/29/2026, 11:10:04 AM → cantonese: live | 👀 9
3/29/2026, 11:10:04 AM → english: upcoming
3/29/2026, 11:10:04 AM → joint: upcoming
Quota used so far: 645
----
3/29/2026, 11:12:04 AM → cantonese: live | 👀 12
3/29/2026, 11:12:04 AM → english: upcoming
3/29/2026, 11:12:04 AM → joint: upcoming
Quota used so far: 648
----
3/29/2026, 11:14:04 AM → cantonese: live | 👀 14
3/29/2026, 11:14:04 AM → english: upcoming
3/29/2026, 11:14:04 AM → joint: upcoming
Quota used so far: 651
----
3/29/2026, 11:16:04 AM → cantonese: live | 👀 13
3/29/2026, 11:16:04 AM → english: upcoming
3/29/2026, 11:16:04 AM → joint: upcoming
Quota used so far: 654
----
3/29/2026, 11:18:04 AM → cantonese: live | 👀 15
3/29/2026, 11:18:04 AM → english: upcoming
3/29/2026, 11:18:04 AM → joint: upcoming
Quota used so far: 657
----
3/29/2026, 11:20:04 AM → cantonese: live | 👀 15
3/29/2026, 11:20:04 AM → english: upcoming
3/29/2026, 11:20:04 AM → joint: upcoming
Quota used so far: 660
----
3/29/2026, 11:22:04 AM → cantonese: live | 👀 15
3/29/2026, 11:22:04 AM → english: upcoming
3/29/2026, 11:22:04 AM → joint: upcoming
Quota used so far: 663
----
3/29/2026, 11:24:04 AM → cantonese: live | 👀 15
3/29/2026, 11:24:04 AM → english: upcoming
3/29/2026, 11:24:04 AM → joint: upcoming
Quota used so far: 666
----
3/29/2026, 11:26:04 AM → cantonese: live | 👀 15
3/29/2026, 11:26:04 AM → english: upcoming
3/29/2026, 11:26:04 AM → joint: upcoming
Quota used so far: 669
----
3/29/2026, 11:28:04 AM → cantonese: live | 👀 16
3/29/2026, 11:28:04 AM → english: upcoming
3/29/2026, 11:28:04 AM → joint: upcoming
Quota used so far: 672
----
3/29/2026, 11:30:04 AM → cantonese: live | 👀 17
3/29/2026, 11:30:04 AM → english: upcoming
3/29/2026, 11:30:04 AM → joint: upcoming
Quota used so far: 675
----
3/29/2026, 11:32:04 AM → cantonese: live | 👀 17
3/29/2026, 11:32:04 AM → english: upcoming
3/29/2026, 11:32:04 AM → joint: upcoming
Quota used so far: 678
----
3/29/2026, 11:34:04 AM → cantonese: live | 👀 16
3/29/2026, 11:34:04 AM → english: upcoming
3/29/2026, 11:34:04 AM → joint: upcoming
Quota used so far: 681
----
3/29/2026, 11:36:04 AM → cantonese: live | 👀 17
3/29/2026, 11:36:04 AM → english: upcoming
3/29/2026, 11:36:04 AM → joint: upcoming
Quota used so far: 684
----
3/29/2026, 11:38:04 AM → cantonese: live | 👀 18
3/29/2026, 11:38:04 AM → english: upcoming
3/29/2026, 11:38:04 AM → joint: upcoming
Quota used so far: 687
----
3/29/2026, 11:40:04 AM → cantonese: live | 👀 18
3/29/2026, 11:40:04 AM → english: upcoming
3/29/2026, 11:40:04 AM → joint: upcoming
Quota used so far: 690
----
3/29/2026, 11:42:04 AM → cantonese: live | 👀 18
3/29/2026, 11:42:04 AM → english: upcoming
3/29/2026, 11:42:04 AM → joint: upcoming
Quota used so far: 693
----
3/29/2026, 11:44:04 AM → cantonese: live | 👀 17
3/29/2026, 11:44:04 AM → english: upcoming
3/29/2026, 11:44:04 AM → joint: upcoming
Quota used so far: 696
----
3/29/2026, 11:46:04 AM → cantonese: live | 👀 18
3/29/2026, 11:46:04 AM → english: upcoming
3/29/2026, 11:46:04 AM → joint: upcoming
Quota used so far: 699
----
3/29/2026, 11:48:04 AM → cantonese: live | 👀 18
3/29/2026, 11:48:04 AM → english: upcoming
3/29/2026, 11:48:04 AM → joint: upcoming
Quota used so far: 702
----
3/29/2026, 11:50:04 AM → cantonese: live | 👀 18
3/29/2026, 11:50:04 AM → english: upcoming
3/29/2026, 11:50:04 AM → joint: upcoming
Quota used so far: 705
----
3/29/2026, 11:52:04 AM → cantonese: live | 👀 18
3/29/2026, 11:52:04 AM → english: upcoming
3/29/2026, 11:52:04 AM → joint: upcoming
Quota used so far: 708
----
3/29/2026, 11:54:04 AM → cantonese: live | 👀 18
3/29/2026, 11:54:04 AM → english: upcoming
3/29/2026, 11:54:04 AM → joint: upcoming
Quota used so far: 711
----
3/29/2026, 11:56:04 AM → cantonese: live | 👀 18
3/29/2026, 11:56:04 AM → english: upcoming
3/29/2026, 11:56:04 AM → joint: upcoming
Quota used so far: 714
----
3/29/2026, 11:58:04 AM → cantonese: live | 👀 19
3/29/2026, 11:58:04 AM → english: upcoming
3/29/2026, 11:58:04 AM → joint: upcoming
Quota used so far: 717
----
3/29/2026, 12:00:04 PM → cantonese: live | 👀 19
3/29/2026, 12:00:04 PM → english: upcoming
3/29/2026, 12:00:04 PM → joint: upcoming
Quota used so far: 720
----
3/29/2026, 12:02:04 PM → cantonese: live | 👀 18
3/29/2026, 12:02:04 PM → english: upcoming
3/29/2026, 12:02:04 PM → joint: upcoming
Quota used so far: 723
----
3/29/2026, 12:04:04 PM → cantonese: live | 👀 19
3/29/2026, 12:04:04 PM → english: upcoming
3/29/2026, 12:04:04 PM → joint: upcoming
Quota used so far: 726
----
3/29/2026, 12:06:04 PM → cantonese: live | 👀 19
3/29/2026, 12:06:04 PM → english: upcoming
3/29/2026, 12:06:04 PM → joint: upcoming
Quota used so far: 729
----
3/29/2026, 12:08:04 PM → cantonese: live | 👀 17
3/29/2026, 12:08:04 PM → english: upcoming
3/29/2026, 12:08:04 PM → joint: upcoming
Quota used so far: 732
----
3/29/2026, 12:10:04 PM → cantonese: live | 👀 18
3/29/2026, 12:10:04 PM → english: upcoming
3/29/2026, 12:10:04 PM → joint: upcoming
Quota used so far: 735
----
3/29/2026, 12:12:04 PM → cantonese: live | 👀 17
3/29/2026, 12:12:04 PM → english: upcoming
3/29/2026, 12:12:04 PM → joint: upcoming
Quota used so far: 738
----
3/29/2026, 12:14:04 PM → cantonese: live | 👀 17
3/29/2026, 12:14:04 PM → english: upcoming
3/29/2026, 12:14:04 PM → joint: upcoming
Quota used so far: 741
----
3/29/2026, 12:16:04 PM → cantonese: live | 👀 16
3/29/2026, 12:16:04 PM → english: upcoming
3/29/2026, 12:16:04 PM → joint: upcoming
Quota used so far: 744
----
3/29/2026, 12:18:04 PM → cantonese: live | 👀 15
3/29/2026, 12:18:04 PM → english: upcoming
3/29/2026, 12:18:04 PM → joint: upcoming
Quota used so far: 747
----
🛑 cantonese stream just ended.
3/29/2026, 12:20:04 PM → cantonese: none
3/29/2026, 12:20:04 PM → english: upcoming
3/29/2026, 12:20:04 PM → joint: upcoming
Quota used so far: 750
----
3/29/2026, 12:22:04 PM → english: upcoming
3/29/2026, 12:22:04 PM → joint: upcoming
Quota used so far: 752
----
